Performing C SOURCE FILE Test CMAKE_HAVE_LIBC_PTHREAD failed with the following output:
Change Dir: /home/ruben/Desktop/FEUP/CAL/TPs/TP5/cmake-build-debug/CMakeFiles/CMakeTmp

Run Build Command(s):/usr/bin/make cmTC_bb104/fast && /usr/bin/make -f CMakeFiles/cmTC_bb104.dir/build.make CMakeFiles/cmTC_bb104.dir/build
make[1]: Entering directory '/home/ruben/Desktop/FEUP/CAL/TPs/TP5/cmake-build-debug/CMakeFiles/CMakeTmp'
Building C object CMakeFiles/cmTC_bb104.dir/src.c.o
/usr/bin/cc   -DCMAKE_HAVE_LIBC_PTHREAD   -o CMakeFiles/cmTC_bb104.dir/src.c.o   -c /home/ruben/Desktop/FEUP/CAL/TPs/TP5/cmake-build-debug/CMakeFiles/CMakeTmp/src.c
Linking C executable cmTC_bb104
/snap/clion/111/bin/cmake/linux/bin/cmake -E cmake_link_script CMakeFiles/cmTC_bb104.dir/link.txt --verbose=1
/usr/bin/cc  -DCMAKE_HAVE_LIBC_PTHREAD    -rdynamic CMakeFiles/cmTC_bb104.dir/src.c.o  -o cmTC_bb104 
CMakeFiles/cmTC_bb104.dir/src.c.o: In function `main':
src.c:(.text+0x3e): undefined reference to `pthread_create'
src.c:(.text+0x4a): undefined reference to `pthread_detach'
src.c:(.text+0x5b): undefined reference to `pthread_join'
src.c:(.text+0x6f): undefined reference to `pthread_atfork'
collect2: error: ld returned 1 exit status
CMakeFiles/cmTC_bb104.dir/build.make:86: recipe for target 'cmTC_bb104' failed
make[1]: *** [cmTC_bb104] Error 1
make[1]: Leaving directory '/home/ruben/Desktop/FEUP/CAL/TPs/TP5/cmake-build-debug/CMakeFiles/CMakeTmp'
Makefile:121: recipe for target 'cmTC_bb104/fast' failed
make: *** [cmTC_bb104/fast] Error 2


Source file was:
#include <pthread.h>

void* test_func(void* data)
{
  return data;
}

int main(void)
{
  pthread_t thread;
  pthread_create(&thread, NULL, test_func, NULL);
  pthread_detach(thread);
  pthread_join(thread, NULL);
  pthread_atfork(NULL, NULL, NULL);
  pthread_exit(NULL);

  return 0;
}

Determining if the function pthread_create exists in the pthreads failed with the following output:
Change Dir: /home/ruben/Desktop/FEUP/CAL/TPs/TP5/cmake-build-debug/CMakeFiles/CMakeTmp

Run Build Command(s):/usr/bin/make cmTC_043a6/fast && /usr/bin/make -f CMakeFiles/cmTC_043a6.dir/build.make CMakeFiles/cmTC_043a6.dir/build
make[1]: Entering directory '/home/ruben/Desktop/FEUP/CAL/TPs/TP5/cmake-build-debug/CMakeFiles/CMakeTmp'
Building C object CMakeFiles/cmTC_043a6.dir/CheckFunctionExists.c.o
/usr/bin/cc   -DCHECK_FUNCTION_EXISTS=pthread_create   -o CMakeFiles/cmTC_043a6.dir/CheckFunctionExists.c.o   -c /snap/clion/111/bin/cmake/linux/share/cmake-3.16/Modules/CheckFunctionExists.c
Linking C executable cmTC_043a6
/snap/clion/111/bin/cmake/linux/bin/cmake -E cmake_link_script CMakeFiles/cmTC_043a6.dir/link.txt --verbose=1
/usr/bin/cc  -DCHECK_FUNCTION_EXISTS=pthread_create    -rdynamic CMakeFiles/cmTC_043a6.dir/CheckFunctionExists.c.o  -o cmTC_043a6  -lpthreads 
/usr/bin/ld: cannot find -lpthreads
collect2: error: ld returned 1 exit status
CMakeFiles/cmTC_043a6.dir/build.make:86: recipe for target 'cmTC_043a6' failed
make[1]: *** [cmTC_043a6] Error 1
make[1]: Leaving directory '/home/ruben/Desktop/FEUP/CAL/TPs/TP5/cmake-build-debug/CMakeFiles/CMakeTmp'
Makefile:121: recipe for target 'cmTC_043a6/fast' failed
make: *** [cmTC_043a6/fast] Error 2



